[2026-03-22 04:41:24] ─── Worker başladı ───
[2026-03-22 04:41:24] KRITIK HATA — Worker beklenmedik şekilde çöktü: No module named 'pymysql'
[2026-03-22 04:41:24] Traceback (most recent call last):
  File "c:\Users\yeliz\Desktop\Mail Sender Pro\v2.1.000\worker.py", line 295, in <module>
    run()
    ~~~^^
  File "c:\Users\yeliz\Desktop\Mail Sender Pro\v2.1.000\worker.py", line 263, in run
    tasks = db_module.queue_get_due()
  File "c:\Users\yeliz\Desktop\Mail Sender Pro\v2.1.000\database.py", line 1738, in queue_get_due
    conn = get_connection()
  File "c:\Users\yeliz\Desktop\Mail Sender Pro\v2.1.000\database.py", line 62, in get_connection
    import pymysql
ModuleNotFoundError: No module named 'pymysql'

[2026-03-22 04:42:20] ─── Worker başladı ───
[2026-03-22 04:42:20] Bekleyen mail görevi yok.
[2026-03-22 04:42:20] Bekleyen doğrulama işi yok.
[2026-03-22 04:42:20] ─── Worker bitti ───
[2026-03-22 04:44:11] ─── Worker başladı ───
[2026-03-22 04:44:11] KRITIK HATA — Worker beklenmedik şekilde çöktü: No module named 'pymysql'
[2026-03-22 04:44:11] Traceback (most recent call last):
  File "C:\Users\yeliz\Desktop\Mail Sender Pro\v2.1.000\worker.py", line 295, in <module>
    run()
    ~~~^^
  File "C:\Users\yeliz\Desktop\Mail Sender Pro\v2.1.000\worker.py", line 263, in run
    tasks = db_module.queue_get_due()
  File "C:\Users\yeliz\Desktop\Mail Sender Pro\v2.1.000\database.py", line 1738, in queue_get_due
    conn = get_connection()
  File "C:\Users\yeliz\Desktop\Mail Sender Pro\v2.1.000\database.py", line 62, in get_connection
    import pymysql
ModuleNotFoundError: No module named 'pymysql'

[2026-03-22 04:44:40] ─── Worker başladı ───
[2026-03-22 04:44:40] Bekleyen mail görevi yok.
[2026-03-22 04:44:40] Bekleyen doğrulama işi yok.
[2026-03-22 04:44:40] ─── Worker bitti ───
[2026-03-22 04:45:09] ─── Worker başladı ───
[2026-03-22 04:45:09] Bekleyen mail görevi yok.
[2026-03-22 04:45:09] Bekleyen doğrulama işi yok.
[2026-03-22 04:45:09] ─── Worker bitti ───
[2026-03-22 04:52:15] ─── Worker başladı ───
[2026-03-22 04:52:15] KRITIK HATA — Worker beklenmedik şekilde çöktü: No module named 'pymysql'
[2026-03-22 04:52:15] Traceback (most recent call last):
  File "C:\Users\yeliz\Desktop\Mail Sender Pro\v2.1.000\worker.py", line 295, in <module>
    run()
    ~~~^^
  File "C:\Users\yeliz\Desktop\Mail Sender Pro\v2.1.000\worker.py", line 263, in run
    tasks = db_module.queue_get_due()
  File "C:\Users\yeliz\Desktop\Mail Sender Pro\v2.1.000\database.py", line 1738, in queue_get_due
    conn = get_connection()
  File "C:\Users\yeliz\Desktop\Mail Sender Pro\v2.1.000\database.py", line 62, in get_connection
    import pymysql
ModuleNotFoundError: No module named 'pymysql'

[2026-03-22 04:52:24] ─── Worker başladı ───
[2026-03-22 04:52:24] Bekleyen mail görevi yok.
[2026-03-22 04:52:24] Bekleyen doğrulama işi yok.
[2026-03-22 04:52:24] ─── Worker bitti ───
[2026-03-22 04:52:38] ─── Worker başladı ───
[2026-03-22 04:52:38] Bekleyen mail görevi yok.
[2026-03-22 04:52:38] Bekleyen doğrulama işi yok.
[2026-03-22 04:52:38] ─── Worker bitti ───
[2026-03-22 04:52:53] ─── Worker başladı ───
[2026-03-22 04:52:53] Bekleyen mail görevi yok.
[2026-03-22 04:52:53] Bekleyen doğrulama işi yok.
[2026-03-22 04:52:53] ─── Worker bitti ───
[2026-03-22 04:53:24] ─── Worker başladı ───
[2026-03-22 04:53:24] Bekleyen mail görevi yok.
[2026-03-22 04:53:24] Bekleyen doğrulama işi yok.
[2026-03-22 04:53:24] ─── Worker bitti ───
[2026-03-22 04:53:55] ─── Worker başladı ───
[2026-03-22 04:53:55] Bekleyen mail görevi yok.
[2026-03-22 04:53:55] Bekleyen doğrulama işi yok.
[2026-03-22 04:53:55] ─── Worker bitti ───
[2026-03-22 04:54:06] ─── Worker başladı ───
[2026-03-22 04:54:06] Bekleyen mail görevi yok.
[2026-03-22 04:54:06] Bekleyen doğrulama işi yok.
[2026-03-22 04:54:06] ─── Worker bitti ───
[2026-03-22 04:54:38] ─── Worker başladı ───
[2026-03-22 04:54:38] Bekleyen mail görevi yok.
[2026-03-22 04:54:38] Bekleyen doğrulama işi yok.
[2026-03-22 04:54:38] ─── Worker bitti ───
[2026-03-22 04:55:09] ─── Worker başladı ───
[2026-03-22 04:55:10] Bekleyen mail görevi yok.
[2026-03-22 04:55:10] Bekleyen doğrulama işi yok.
[2026-03-22 04:55:10] ─── Worker bitti ───
[2026-03-22 04:55:41] ─── Worker başladı ───
[2026-03-22 04:55:41] Bekleyen mail görevi yok.
[2026-03-22 04:55:41] Bekleyen doğrulama işi yok.
[2026-03-22 04:55:41] ─── Worker bitti ───
[2026-03-22 04:56:12] ─── Worker başladı ───
[2026-03-22 04:56:12] Bekleyen mail görevi yok.
[2026-03-22 04:56:12] Bekleyen doğrulama işi yok.
[2026-03-22 04:56:12] ─── Worker bitti ───
[2026-03-22 04:56:43] ─── Worker başladı ───
[2026-03-22 04:56:43] Bekleyen mail görevi yok.
[2026-03-22 04:56:43] Bekleyen doğrulama işi yok.
[2026-03-22 04:56:43] ─── Worker bitti ───
[2026-03-22 04:57:15] ─── Worker başladı ───
[2026-03-22 04:57:15] Bekleyen mail görevi yok.
[2026-03-22 04:57:15] Bekleyen doğrulama işi yok.
[2026-03-22 04:57:15] ─── Worker bitti ───
[2026-03-22 04:57:46] ─── Worker başladı ───
[2026-03-22 04:57:46] Bekleyen mail görevi yok.
[2026-03-22 04:57:46] Bekleyen doğrulama işi yok.
[2026-03-22 04:57:46] ─── Worker bitti ───
[2026-03-22 04:58:18] ─── Worker başladı ───
[2026-03-22 04:58:18] Bekleyen mail görevi yok.
[2026-03-22 04:58:18] Bekleyen doğrulama işi yok.
[2026-03-22 04:58:18] ─── Worker bitti ───
[2026-03-22 04:58:49] ─── Worker başladı ───
[2026-03-22 04:58:49] Bekleyen mail görevi yok.
[2026-03-22 04:58:49] Bekleyen doğrulama işi yok.
[2026-03-22 04:58:49] ─── Worker bitti ───
[2026-03-22 04:59:20] ─── Worker başladı ───
[2026-03-22 04:59:20] Bekleyen mail görevi yok.
[2026-03-22 04:59:20] Bekleyen doğrulama işi yok.
[2026-03-22 04:59:21] ─── Worker bitti ───
[2026-03-22 04:59:52] ─── Worker başladı ───
[2026-03-22 04:59:52] Bekleyen mail görevi yok.
[2026-03-22 04:59:52] Bekleyen doğrulama işi yok.
[2026-03-22 04:59:52] ─── Worker bitti ───
[2026-03-22 05:00:24] ─── Worker başladı ───
[2026-03-22 05:00:24] Bekleyen mail görevi yok.
[2026-03-22 05:00:24] Bekleyen doğrulama işi yok.
[2026-03-22 05:00:24] ─── Worker bitti ───
[2026-03-22 05:00:56] ─── Worker başladı ───
[2026-03-22 05:00:56] Bekleyen mail görevi yok.
[2026-03-22 05:00:56] Bekleyen doğrulama işi yok.
[2026-03-22 05:00:56] ─── Worker bitti ───
[2026-03-22 05:01:27] ─── Worker başladı ───
[2026-03-22 05:01:28] Bekleyen mail görevi yok.
[2026-03-22 05:01:28] Bekleyen doğrulama işi yok.
[2026-03-22 05:01:28] ─── Worker bitti ───
[2026-03-22 05:01:59] ─── Worker başladı ───
[2026-03-22 05:01:59] Bekleyen mail görevi yok.
[2026-03-22 05:01:59] Bekleyen doğrulama işi yok.
[2026-03-22 05:01:59] ─── Worker bitti ───
